2025-11-26T10:59:12.4518076Z [INFO] Padsign listener starting...
2025-11-26T10:59:12.4540373Z [INFO] Listening on TCP port 9100, working dir: C:\Repos\virtual printer\out\spool
2025-11-26T11:01:49.7071295Z [INFO] Connection from 127.0.0.1:63910 job 20251126-110149-697-ba84cf79da24
2025-11-26T11:01:49.7106635Z [INFO] Job 20251126-110149-697-ba84cf79da24: received 0 bytes to C:\Repos\virtual printer\out\spool\job-20251126-110149-697-ba84cf79da24.prn
2025-11-26T11:01:49.7116913Z [INFO] Job 20251126-110149-697-ba84cf79da24: detected format Unknown
2025-11-26T11:01:49.7240057Z [INFO] Job 20251126-110149-697-ba84cf79da24: converting via Ghostscript -> C:\Repos\virtual printer\out\spool\job-20251126-110149-697-ba84cf79da24.pdf
2025-11-26T11:01:49.7813068Z [ERROR] Job 20251126-110149-697-ba84cf79da24 failed: System.ComponentModel.Win32Exception (2): An error occurred trying to start process 'gswin64c.exe' with working directory 'C:\Repos\virtual printer\out'. The system cannot find the file specified.
   at System.Diagnostics.Process.StartWithCreateProcess(ProcessStartInfo startInfo)
   at System.Diagnostics.Process.Start()
   at System.Diagnostics.Process.Start(ProcessStartInfo startInfo)
   at Padsign.Listener.JobProcessor.ConvertToPdfAsync(String inputPath, String outputPath, String jobId, CancellationToken cancellationToken) in C:\Repos\virtual printer\src\Padsign.Listener\Program.cs:line 225
   at Padsign.Listener.JobProcessor.ProcessAsync(Stream inputStream, String jobId, CancellationToken cancellationToken) in C:\Repos\virtual printer\src\Padsign.Listener\Program.cs:line 194
   at Padsign.Listener.RawPrintServer.HandleClientAsync(TcpClient client, CancellationToken cancellationToken) in C:\Repos\virtual printer\src\Padsign.Listener\Program.cs:line 145
2025-11-26T11:02:29.5762089Z [INFO] Connection from 127.0.0.1:63913 job 20251126-110229-576-cd3ea5689ac5
2025-11-26T11:02:29.6476098Z [INFO] Job 20251126-110229-576-cd3ea5689ac5: received 0 bytes to C:\Repos\virtual printer\out\spool\job-20251126-110229-576-cd3ea5689ac5.prn
2025-11-26T11:02:29.6481075Z [INFO] Job 20251126-110229-576-cd3ea5689ac5: detected format Unknown
2025-11-26T11:02:29.6482955Z [INFO] Job 20251126-110229-576-cd3ea5689ac5: converting via Ghostscript -> C:\Repos\virtual printer\out\spool\job-20251126-110229-576-cd3ea5689ac5.pdf
2025-11-26T11:02:29.6497886Z [ERROR] Job 20251126-110229-576-cd3ea5689ac5 failed: System.ComponentModel.Win32Exception (2): An error occurred trying to start process 'gswin64c.exe' with working directory 'C:\Repos\virtual printer\out'. The system cannot find the file specified.
   at System.Diagnostics.Process.StartWithCreateProcess(ProcessStartInfo startInfo)
   at System.Diagnostics.Process.Start()
   at System.Diagnostics.Process.Start(ProcessStartInfo startInfo)
   at Padsign.Listener.JobProcessor.ConvertToPdfAsync(String inputPath, String outputPath, String jobId, CancellationToken cancellationToken) in C:\Repos\virtual printer\src\Padsign.Listener\Program.cs:line 225
   at Padsign.Listener.JobProcessor.ProcessAsync(Stream inputStream, String jobId, CancellationToken cancellationToken) in C:\Repos\virtual printer\src\Padsign.Listener\Program.cs:line 194
   at Padsign.Listener.RawPrintServer.HandleClientAsync(TcpClient client, CancellationToken cancellationToken) in C:\Repos\virtual printer\src\Padsign.Listener\Program.cs:line 145
2025-11-26T11:02:35.2654628Z [INFO] Connection from 127.0.0.1:62122 job 20251126-110235-265-359149204b43
2025-11-26T11:02:35.2800861Z [INFO] Job 20251126-110235-265-359149204b43: received 92 bytes to C:\Repos\virtual printer\out\spool\job-20251126-110235-265-359149204b43.prn
2025-11-26T11:02:35.2944802Z [INFO] Job 20251126-110235-265-359149204b43: detected format Unknown
2025-11-26T11:02:35.2951336Z [INFO] Job 20251126-110235-265-359149204b43: converting via Ghostscript -> C:\Repos\virtual printer\out\spool\job-20251126-110235-265-359149204b43.pdf
2025-11-26T11:02:35.2972216Z [ERROR] Job 20251126-110235-265-359149204b43 failed: System.ComponentModel.Win32Exception (2): An error occurred trying to start process 'gswin64c.exe' with working directory 'C:\Repos\virtual printer\out'. The system cannot find the file specified.
   at System.Diagnostics.Process.StartWithCreateProcess(ProcessStartInfo startInfo)
   at System.Diagnostics.Process.Start()
   at System.Diagnostics.Process.Start(ProcessStartInfo startInfo)
   at Padsign.Listener.JobProcessor.ConvertToPdfAsync(String inputPath, String outputPath, String jobId, CancellationToken cancellationToken) in C:\Repos\virtual printer\src\Padsign.Listener\Program.cs:line 225
   at Padsign.Listener.JobProcessor.ProcessAsync(Stream inputStream, String jobId, CancellationToken cancellationToken) in C:\Repos\virtual printer\src\Padsign.Listener\Program.cs:line 194
   at Padsign.Listener.RawPrintServer.HandleClientAsync(TcpClient client, CancellationToken cancellationToken) in C:\Repos\virtual printer\src\Padsign.Listener\Program.cs:line 145
2025-11-26T11:03:08.3683532Z [INFO] Padsign listener starting...
2025-11-26T11:03:08.3702854Z [INFO] Listening on TCP port 9100, working dir: C:\Repos\virtual printer\out\spool
2025-11-26T11:05:16.7301180Z [INFO] Connection from 127.0.0.1:63019 job 20251126-110516-715-4940e95f6456
2025-11-26T11:05:16.7369708Z [INFO] Job 20251126-110516-715-4940e95f6456: received 92 bytes to C:\Repos\virtual printer\out\spool\job-20251126-110516-715-4940e95f6456.prn
2025-11-26T11:05:16.7384864Z [INFO] Job 20251126-110516-715-4940e95f6456: detected format Unknown
2025-11-26T11:05:16.7405412Z [INFO] Job 20251126-110516-715-4940e95f6456: converting via Ghostscript -> C:\Repos\virtual printer\out\spool\job-20251126-110516-715-4940e95f6456.pdf
2025-11-26T11:05:16.9552696Z [INFO] Job 20251126-110516-715-4940e95f6456: conversion ok, output size 2708 bytes
2025-11-26T11:05:16.9556671Z [DEBUG] Ghostscript stdout: GPL Ghostscript 10.04.0 (2024-09-18)
Copyright (C) 2024 Artifex Software, Inc.  All rights reserved.
This software is supplied under the GNU AGPLv3 and comes with NO WARRANTY:
see the file COPYING for details.
Loading NimbusSans-Regular font from %rom%Resource/Font/NimbusSans-Regular... 4084896 2681364 1766976 480000 1 done.
2025-11-26T11:05:16.9936361Z [INFO] Job 20251126-110516-715-4940e95f6456: uploading job-20251126-110516-715-4940e95f6456.pdf to https://httpbin.org/post
2025-11-26T11:05:17.9594483Z [DEBUG] Job 20251126-110516-715-4940e95f6456: API response OK: {
  "args": {}, 
  "data": "", 
  "files": {
    "file": "data:application/pdf;base64,JVBERi0xLjcKJcfsj6IKJSVJbnZvY2F0aW9uOiBwYXRoL2dzd2luNjRjLmV4ZSAtZERpc3BsYXlGb3JtYXQ9MTk4Nzg4IC1kRGlzcGxheVJlc29sdXRpb249MTkyIC1kQkFUQ0ggLWROT1BBVVNFIC1zREVWSUNFPXBkZndyaXRlIC1kU0FGRVIgLXNPdXRwdXRGaWxlPT8gPwo1IDAgb2JqCjw8L0xlbmd0aCA2IDAgUi9GaWx0ZXIgL0ZsYXRlRGVjb2RlPj4Kc3RyZWFtCnicK1Qw0DNUMABBKJ2cy2WgkM5VyGUIFlWAUsm5Ck4hXPpB5gpGJgohaVwQxYYK5kZAZKAQksul4ZGak5OvEJCYUpyZnqcQ4O+sGZLF5RrCFQiEAFaCFtdlbmRzdHJlYW0KZW5kb2...
2025-11-26T11:05:17.9629135Z [INFO] Job 20251126-110516-715-4940e95f6456: upload successful.
2025-11-26T11:05:17.9634703Z [INFO] Job 20251126-110516-715-4940e95f6456 completed.
2025-11-26T11:25:29.9791458Z [INFO] Padsign listener starting...
2025-11-26T11:25:29.9816594Z [INFO] Listening on TCP port 9100, working dir: C:\Repos\virtual printer\out\spool
2025-11-26T11:29:37.9271162Z [INFO] Connection from 127.0.0.1:56764 job 20251126-112937-902-ae79ad563683
2025-11-26T11:29:38.6519581Z [INFO] Job 20251126-112937-902-ae79ad563683: received 234624 bytes to C:\Repos\virtual printer\out\spool\job-20251126-112937-902-ae79ad563683.prn
2025-11-26T11:29:38.6644225Z [INFO] Job 20251126-112937-902-ae79ad563683: detected format Pdf
2025-11-26T11:29:38.6665479Z [INFO] Job 20251126-112937-902-ae79ad563683: input already PDF, skipping conversion.
2025-11-26T11:29:38.7072388Z [INFO] Job 20251126-112937-902-ae79ad563683: uploading job-20251126-112937-902-ae79ad563683.pdf to https://httpbin.org/post
2025-11-26T11:29:39.7238176Z [ERROR] Job 20251126-112937-902-ae79ad563683: upload attempt 1 failed: Upload failed 503 Service Temporarily Unavailable. Body: <html>
<head><title>503 Service Temporarily Unavailable</title></head>
<body>
<center><h1>503 Service Temporarily Unavailable</h1></center>
</body>
</html>

2025-11-26T11:29:39.7244768Z [INFO] Job 20251126-112937-902-ae79ad563683: retrying in 2s ...
2025-11-26T11:29:41.7344151Z [INFO] Job 20251126-112937-902-ae79ad563683: uploading job-20251126-112937-902-ae79ad563683.pdf to https://httpbin.org/post
2025-11-26T11:29:42.3421159Z [ERROR] Job 20251126-112937-902-ae79ad563683: upload attempt 2 failed: Upload failed 503 Service Temporarily Unavailable. Body: <html>
<head><title>503 Service Temporarily Unavailable</title></head>
<body>
<center><h1>503 Service Temporarily Unavailable</h1></center>
</body>
</html>

2025-11-26T11:29:42.3426808Z [INFO] Job 20251126-112937-902-ae79ad563683: retrying in 4s ...
2025-11-26T11:29:46.3564885Z [INFO] Job 20251126-112937-902-ae79ad563683: uploading job-20251126-112937-902-ae79ad563683.pdf to https://httpbin.org/post
2025-11-26T11:29:47.0648392Z [ERROR] Job 20251126-112937-902-ae79ad563683: upload attempt 3 failed: Upload failed 503 Service Temporarily Unavailable. Body: <html>
<head><title>503 Service Temporarily Unavailable</title></head>
<body>
<center><h1>503 Service Temporarily Unavailable</h1></center>
</body>
</html>

2025-11-26T11:29:47.0784844Z [ERROR] Job 20251126-112937-902-ae79ad563683 failed: System.Net.Http.HttpRequestException: Upload failed 503 Service Temporarily Unavailable. Body: <html>
<head><title>503 Service Temporarily Unavailable</title></head>
<body>
<center><h1>503 Service Temporarily Unavailable</h1></center>
</body>
</html>

   at Padsign.Listener.JobProcessor.UploadOnceAsync(String pdfPath, String jobId, CancellationToken cancellationToken) in C:\Repos\virtual printer\src\Padsign.Listener\Program.cs:line 304
   at Padsign.Listener.JobProcessor.UploadOnceAsync(String pdfPath, String jobId, CancellationToken cancellationToken) in C:\Repos\virtual printer\src\Padsign.Listener\Program.cs:line 307
   at Padsign.Listener.JobProcessor.UploadWithRetryAsync(String pdfPath, String jobId, CancellationToken cancellationToken) in C:\Repos\virtual printer\src\Padsign.Listener\Program.cs:line 259
   at Padsign.Listener.JobProcessor.UploadWithRetryAsync(String pdfPath, String jobId, CancellationToken cancellationToken) in C:\Repos\virtual printer\src\Padsign.Listener\Program.cs:line 267
   at Padsign.Listener.JobProcessor.ProcessAsync(Stream inputStream, String jobId, CancellationToken cancellationToken) in C:\Repos\virtual printer\src\Padsign.Listener\Program.cs:line 199
   at Padsign.Listener.RawPrintServer.HandleClientAsync(TcpClient client, CancellationToken cancellationToken) in C:\Repos\virtual printer\src\Padsign.Listener\Program.cs:line 145
